<?xml version="1.0" encoding="UTF-8"?>
<!-- Generated by org.testng.reporters.JUnitReportReporter -->
<testsuite hostname="LTIN233696" failures="0" tests="1" name="StudendAPITest.PostApitest" time="1.100" errors="0" timestamp="04 Jan 2021 14:02:55 GMT" skipped="0">
  <testcase classname="StudendAPITest.PostApitest" name="testPostAPI" time="1.100"/>
</testsuite> <!-- StudendAPITest.PostApitest -->
