<?xml version="1.0" encoding="UTF-8"?>
<!-- Generated by org.testng.reporters.JUnitReportReporter -->
<testsuite hostname="LTIN233696" failures="0" tests="1" name="baseTest.TestUtils" time="0.009" errors="0" timestamp="02 Jan 2021 11:07:51 GMT" skipped="0">
  <testcase classname="baseTest.TestUtils" name="testUtils" time="0.009"/>
</testsuite> <!-- baseTest.TestUtils -->
