<?xml version="1.0" encoding="UTF-8"?>
<!-- Generated by org.testng.reporters.JUnitReportReporter -->
<testsuite hostname="LTIN233696" failures="0" tests="1" name="StudendAPITest.getAPITest" time="0.861" errors="0" timestamp="04 Jan 2021 08:29:11 GMT" skipped="0">
  <testcase classname="StudendAPITest.getAPITest" name="getAPITests" time="0.861"/>
</testsuite> <!-- StudendAPITest.getAPITest -->
