<?xml version="1.0" encoding="UTF-8"?>
<!-- Generated by org.testng.reporters.JUnitReportReporter -->
<testsuite hostname="LTIN233696" failures="0" tests="1" name="StudendAPITest.TestClass" time="0.021" errors="0" timestamp="22 Jan 2021 08:53:35 GMT" skipped="0">
  <testcase classname="StudendAPITest.TestClass" name="getnew" time="0.021"/>
</testsuite> <!-- StudendAPITest.TestClass -->
